running develop
running egg_info
creating my_perception.egg-info
writing my_perception.egg-info/PKG-INFO
writing dependency_links to my_perception.egg-info/dependency_links.txt
writing entry points to my_perception.egg-info/entry_points.txt
writing requirements to my_perception.egg-info/requires.txt
writing top-level names to my_perception.egg-info/top_level.txt
writing manifest file 'my_perception.egg-info/SOURCES.txt'
reading manifest file 'my_perception.egg-info/SOURCES.txt'
writing manifest file 'my_perception.egg-info/SOURCES.txt'
running build_ext
Creating /home/han/My_Duplo/install/my_perception/lib/python3.10/site-packages/my-perception.egg-link (link to .)
Installing duplo_perception_node script to /home/han/My_Duplo/install/my_perception/lib/my_perception

Installed /home/han/My_Duplo/build/my_perception
running symlink_data
creating /home/han/My_Duplo/install/my_perception/share/ament_index
creating /home/han/My_Duplo/install/my_perception/share/ament_index/resource_index
creating /home/han/My_Duplo/install/my_perception/share/ament_index/resource_index/packages
symbolically linking /home/han/My_Duplo/build/my_perception/resource/my_perception -> /home/han/My_Duplo/install/my_perception/share/ament_index/resource_index/packages
symbolically linking /home/han/My_Duplo/build/my_perception/package.xml -> /home/han/My_Duplo/install/my_perception/share/my_perception
creating /home/han/My_Duplo/install/my_perception/share/my_perception/launch
symbolically linking /home/han/My_Duplo/build/my_perception/launch/duplo_launch.py -> /home/han/My_Duplo/install/my_perception/share/my_perception/launch
