[0.203s] DEBUG:colcon:Command line arguments: ['/usr/bin/colcon', 'build', '--symlink-install']
[0.203s] DEBUG:colcon:Parsed command line arguments: Namespace(log_base=None, log_level=None, verb_name='build', build_base='build', install_base='install', merge_install=False, symlink_install=True, test_result_base=None, continue_on_error=False, executor='parallel', parallel_workers=8, event_handlers=None, ignore_user_meta=False, metas=['./colcon.meta'], base_paths=['.'], packages_ignore=None, packages_ignore_regex=None, paths=None, packages_up_to=None, packages_up_to_regex=None, packages_above=None, packages_above_and_dependencies=None, packages_above_depth=None, packages_select_by_dep=None, packages_skip_by_dep=None, packages_skip_up_to=None, packages_select_build_failed=False, packages_skip_build_finished=False, packages_select_test_failures=False, packages_skip_test_passed=False, packages_select=None, packages_skip=None, packages_select_regex=None, packages_skip_regex=None, packages_start=None, packages_end=None, allow_overriding=[], cmake_args=None, cmake_target=None, cmake_target_skip_unavailable=False, cmake_clean_cache=False, cmake_clean_first=False, cmake_force_configure=False, ament_cmake_args=None, catkin_cmake_args=None, catkin_skip_building_tests=False, mixin_files=None, mixin=None, verb_parser=<colcon_mixin.mixin.mixin_argument.MixinArgumentDecorator object at 0x74321192a3e0>, verb_extension=<colcon_core.verb.build.BuildVerb object at 0x743211929a20>, main=<bound method BuildVerb.main of <colcon_core.verb.build.BuildVerb object at 0x743211929a20>>, mixin_verb=('build',))
[0.361s] Level 1:colcon.colcon_core.package_discovery:discover_packages(colcon_meta) check parameters
[0.361s] Level 1:colcon.colcon_core.package_discovery:discover_packages(recursive) check parameters
[0.361s] Level 1:colcon.colcon_core.package_discovery:discover_packages(ignore) check parameters
[0.361s] Level 1:colcon.colcon_core.package_discovery:discover_packages(path) check parameters
[0.361s] Level 1:colcon.colcon_core.package_discovery:discover_packages(colcon_meta) discover
[0.361s] Level 1:colcon.colcon_core.package_discovery:discover_packages(recursive) discover
[0.361s] INFO:colcon.colcon_core.package_discovery:Crawling recursively for packages in '/home/han/My_Duplo'
[0.361s] Level 1:colcon.colcon_core.package_identification:_identify(.) by extensions ['ignore', 'ignore_ament_install']
[0.361s] Level 1:colcon.colcon_core.package_identification:_identify(.) by extension 'ignore'
[0.361s] Level 1:colcon.colcon_core.package_identification:_identify(.) by extension 'ignore_ament_install'
[0.361s] Level 1:colcon.colcon_core.package_identification:_identify(.) by extensions ['colcon_pkg']
[0.361s] Level 1:colcon.colcon_core.package_identification:_identify(.) by extension 'colcon_pkg'
[0.361s] Level 1:colcon.colcon_core.package_identification:_identify(.) by extensions ['colcon_meta']
[0.361s] Level 1:colcon.colcon_core.package_identification:_identify(.) by extension 'colcon_meta'
[0.361s] Level 1:colcon.colcon_core.package_identification:_identify(.) by extensions ['ros']
[0.361s] Level 1:colcon.colcon_core.package_identification:_identify(.) by extension 'ros'
[0.375s] Level 1:colcon.colcon_core.package_identification:_identify(.) by extensions ['cmake', 'python']
[0.375s] Level 1:colcon.colcon_core.package_identification:_identify(.) by extension 'cmake'
[0.375s] Level 1:colcon.colcon_core.package_identification:_identify(.) by extension 'python'
[0.375s] Level 1:colcon.colcon_core.package_identification:_identify(.) by extensions ['python_setup_py']
[0.375s] Level 1:colcon.colcon_core.package_identification:_identify(.) by extension 'python_setup_py'
[0.375s] Level 1:colcon.colcon_core.package_identification:_identify(Duplo-3.0-23) by extensions ['ignore', 'ignore_ament_install']
[0.376s] Level 1:colcon.colcon_core.package_identification:_identify(Duplo-3.0-23) by extension 'ignore'
[0.376s] Level 1:colcon.colcon_core.package_identification:_identify(Duplo-3.0-23) by extension 'ignore_ament_install'
[0.376s] Level 1:colcon.colcon_core.package_identification:_identify(Duplo-3.0-23) by extensions ['colcon_pkg']
[0.376s] Level 1:colcon.colcon_core.package_identification:_identify(Duplo-3.0-23) by extension 'colcon_pkg'
[0.376s] Level 1:colcon.colcon_core.package_identification:_identify(Duplo-3.0-23) by extensions ['colcon_meta']
[0.376s] Level 1:colcon.colcon_core.package_identification:_identify(Duplo-3.0-23) by extension 'colcon_meta'
[0.376s] Level 1:colcon.colcon_core.package_identification:_identify(Duplo-3.0-23) by extensions ['ros']
[0.376s] Level 1:colcon.colcon_core.package_identification:_identify(Duplo-3.0-23) by extension 'ros'
[0.376s] Level 1:colcon.colcon_core.package_identification:_identify(Duplo-3.0-23) by extensions ['cmake', 'python']
[0.376s] Level 1:colcon.colcon_core.package_identification:_identify(Duplo-3.0-23) by extension 'cmake'
[0.376s] Level 1:colcon.colcon_core.package_identification:_identify(Duplo-3.0-23) by extension 'python'
[0.376s] Level 1:colcon.colcon_core.package_identification:_identify(Duplo-3.0-23) by extensions ['python_setup_py']
[0.376s] Level 1:colcon.colcon_core.package_identification:_identify(Duplo-3.0-23) by extension 'python_setup_py'
[0.376s] Level 1:colcon.colcon_core.package_identification:_identify(Duplo-3.0-23/runs) by extensions ['ignore', 'ignore_ament_install']
[0.376s] Level 1:colcon.colcon_core.package_identification:_identify(Duplo-3.0-23/runs) by extension 'ignore'
[0.376s] Level 1:colcon.colcon_core.package_identification:_identify(Duplo-3.0-23/runs) by extension 'ignore_ament_install'
[0.376s] Level 1:colcon.colcon_core.package_identification:_identify(Duplo-3.0-23/runs) by extensions ['colcon_pkg']
[0.376s] Level 1:colcon.colcon_core.package_identification:_identify(Duplo-3.0-23/runs) by extension 'colcon_pkg'
[0.376s] Level 1:colcon.colcon_core.package_identification:_identify(Duplo-3.0-23/runs) by extensions ['colcon_meta']
[0.376s] Level 1:colcon.colcon_core.package_identification:_identify(Duplo-3.0-23/runs) by extension 'colcon_meta'
[0.376s] Level 1:colcon.colcon_core.package_identification:_identify(Duplo-3.0-23/runs) by extensions ['ros']
[0.377s] Level 1:colcon.colcon_core.package_identification:_identify(Duplo-3.0-23/runs) by extension 'ros'
[0.377s] Level 1:colcon.colcon_core.package_identification:_identify(Duplo-3.0-23/runs) by extensions ['cmake', 'python']
[0.377s] Level 1:colcon.colcon_core.package_identification:_identify(Duplo-3.0-23/runs) by extension 'cmake'
[0.377s] Level 1:colcon.colcon_core.package_identification:_identify(Duplo-3.0-23/runs) by extension 'python'
[0.377s] Level 1:colcon.colcon_core.package_identification:_identify(Duplo-3.0-23/runs) by extensions ['python_setup_py']
[0.377s] Level 1:colcon.colcon_core.package_identification:_identify(Duplo-3.0-23/runs) by extension 'python_setup_py'
[0.377s] Level 1:colcon.colcon_core.package_identification:_identify(Duplo-3.0-23/runs/segment) by extensions ['ignore', 'ignore_ament_install']
[0.377s] Level 1:colcon.colcon_core.package_identification:_identify(Duplo-3.0-23/runs/segment) by extension 'ignore'
[0.377s] Level 1:colcon.colcon_core.package_identification:_identify(Duplo-3.0-23/runs/segment) by extension 'ignore_ament_install'
[0.377s] Level 1:colcon.colcon_core.package_identification:_identify(Duplo-3.0-23/runs/segment) by extensions ['colcon_pkg']
[0.377s] Level 1:colcon.colcon_core.package_identification:_identify(Duplo-3.0-23/runs/segment) by extension 'colcon_pkg'
[0.377s] Level 1:colcon.colcon_core.package_identification:_identify(Duplo-3.0-23/runs/segment) by extensions ['colcon_meta']
[0.377s] Level 1:colcon.colcon_core.package_identification:_identify(Duplo-3.0-23/runs/segment) by extension 'colcon_meta'
[0.377s] Level 1:colcon.colcon_core.package_identification:_identify(Duplo-3.0-23/runs/segment) by extensions ['ros']
[0.377s] Level 1:colcon.colcon_core.package_identification:_identify(Duplo-3.0-23/runs/segment) by extension 'ros'
[0.377s] Level 1:colcon.colcon_core.package_identification:_identify(Duplo-3.0-23/runs/segment) by extensions ['cmake', 'python']
[0.377s] Level 1:colcon.colcon_core.package_identification:_identify(Duplo-3.0-23/runs/segment) by extension 'cmake'
[0.377s] Level 1:colcon.colcon_core.package_identification:_identify(Duplo-3.0-23/runs/segment) by extension 'python'
[0.377s] Level 1:colcon.colcon_core.package_identification:_identify(Duplo-3.0-23/runs/segment) by extensions ['python_setup_py']
[0.377s] Level 1:colcon.colcon_core.package_identification:_identify(Duplo-3.0-23/runs/segment) by extension 'python_setup_py'
[0.377s] Level 1:colcon.colcon_core.package_identification:_identify(Duplo-3.0-23/runs/segment/duplo_project) by extensions ['ignore', 'ignore_ament_install']
[0.378s] Level 1:colcon.colcon_core.package_identification:_identify(Duplo-3.0-23/runs/segment/duplo_project) by extension 'ignore'
[0.378s] Level 1:colcon.colcon_core.package_identification:_identify(Duplo-3.0-23/runs/segment/duplo_project) by extension 'ignore_ament_install'
[0.378s] Level 1:colcon.colcon_core.package_identification:_identify(Duplo-3.0-23/runs/segment/duplo_project) by extensions ['colcon_pkg']
[0.378s] Level 1:colcon.colcon_core.package_identification:_identify(Duplo-3.0-23/runs/segment/duplo_project) by extension 'colcon_pkg'
[0.378s] Level 1:colcon.colcon_core.package_identification:_identify(Duplo-3.0-23/runs/segment/duplo_project) by extensions ['colcon_meta']
[0.378s] Level 1:colcon.colcon_core.package_identification:_identify(Duplo-3.0-23/runs/segment/duplo_project) by extension 'colcon_meta'
[0.378s] Level 1:colcon.colcon_core.package_identification:_identify(Duplo-3.0-23/runs/segment/duplo_project) by extensions ['ros']
[0.378s] Level 1:colcon.colcon_core.package_identification:_identify(Duplo-3.0-23/runs/segment/duplo_project) by extension 'ros'
[0.378s] Level 1:colcon.colcon_core.package_identification:_identify(Duplo-3.0-23/runs/segment/duplo_project) by extensions ['cmake', 'python']
[0.378s] Level 1:colcon.colcon_core.package_identification:_identify(Duplo-3.0-23/runs/segment/duplo_project) by extension 'cmake'
[0.378s] Level 1:colcon.colcon_core.package_identification:_identify(Duplo-3.0-23/runs/segment/duplo_project) by extension 'python'
[0.378s] Level 1:colcon.colcon_core.package_identification:_identify(Duplo-3.0-23/runs/segment/duplo_project) by extensions ['python_setup_py']
[0.378s] Level 1:colcon.colcon_core.package_identification:_identify(Duplo-3.0-23/runs/segment/duplo_project) by extension 'python_setup_py'
[0.378s] Level 1:colcon.colcon_core.package_identification:_identify(Duplo-3.0-23/runs/segment/duplo_project/train_v1) by extensions ['ignore', 'ignore_ament_install']
[0.378s] Level 1:colcon.colcon_core.package_identification:_identify(Duplo-3.0-23/runs/segment/duplo_project/train_v1) by extension 'ignore'
[0.378s] Level 1:colcon.colcon_core.package_identification:_identify(Duplo-3.0-23/runs/segment/duplo_project/train_v1) by extension 'ignore_ament_install'
[0.378s] Level 1:colcon.colcon_core.package_identification:_identify(Duplo-3.0-23/runs/segment/duplo_project/train_v1) by extensions ['colcon_pkg']
[0.378s] Level 1:colcon.colcon_core.package_identification:_identify(Duplo-3.0-23/runs/segment/duplo_project/train_v1) by extension 'colcon_pkg'
[0.378s] Level 1:colcon.colcon_core.package_identification:_identify(Duplo-3.0-23/runs/segment/duplo_project/train_v1) by extensions ['colcon_meta']
[0.378s] Level 1:colcon.colcon_core.package_identification:_identify(Duplo-3.0-23/runs/segment/duplo_project/train_v1) by extension 'colcon_meta'
[0.379s] Level 1:colcon.colcon_core.package_identification:_identify(Duplo-3.0-23/runs/segment/duplo_project/train_v1) by extensions ['ros']
[0.379s] Level 1:colcon.colcon_core.package_identification:_identify(Duplo-3.0-23/runs/segment/duplo_project/train_v1) by extension 'ros'
[0.379s] Level 1:colcon.colcon_core.package_identification:_identify(Duplo-3.0-23/runs/segment/duplo_project/train_v1) by extensions ['cmake', 'python']
[0.379s] Level 1:colcon.colcon_core.package_identification:_identify(Duplo-3.0-23/runs/segment/duplo_project/train_v1) by extension 'cmake'
[0.379s] Level 1:colcon.colcon_core.package_identification:_identify(Duplo-3.0-23/runs/segment/duplo_project/train_v1) by extension 'python'
[0.379s] Level 1:colcon.colcon_core.package_identification:_identify(Duplo-3.0-23/runs/segment/duplo_project/train_v1) by extensions ['python_setup_py']
[0.379s] Level 1:colcon.colcon_core.package_identification:_identify(Duplo-3.0-23/runs/segment/duplo_project/train_v1) by extension 'python_setup_py'
[0.379s] Level 1:colcon.colcon_core.package_identification:_identify(Duplo-3.0-23/runs/segment/duplo_project/train_v1/weights) by extensions ['ignore', 'ignore_ament_install']
[0.379s] Level 1:colcon.colcon_core.package_identification:_identify(Duplo-3.0-23/runs/segment/duplo_project/train_v1/weights) by extension 'ignore'
[0.379s] Level 1:colcon.colcon_core.package_identification:_identify(Duplo-3.0-23/runs/segment/duplo_project/train_v1/weights) by extension 'ignore_ament_install'
[0.379s] Level 1:colcon.colcon_core.package_identification:_identify(Duplo-3.0-23/runs/segment/duplo_project/train_v1/weights) by extensions ['colcon_pkg']
[0.379s] Level 1:colcon.colcon_core.package_identification:_identify(Duplo-3.0-23/runs/segment/duplo_project/train_v1/weights) by extension 'colcon_pkg'
[0.379s] Level 1:colcon.colcon_core.package_identification:_identify(Duplo-3.0-23/runs/segment/duplo_project/train_v1/weights) by extensions ['colcon_meta']
[0.379s] Level 1:colcon.colcon_core.package_identification:_identify(Duplo-3.0-23/runs/segment/duplo_project/train_v1/weights) by extension 'colcon_meta'
[0.379s] Level 1:colcon.colcon_core.package_identification:_identify(Duplo-3.0-23/runs/segment/duplo_project/train_v1/weights) by extensions ['ros']
[0.379s] Level 1:colcon.colcon_core.package_identification:_identify(Duplo-3.0-23/runs/segment/duplo_project/train_v1/weights) by extension 'ros'
[0.379s] Level 1:colcon.colcon_core.package_identification:_identify(Duplo-3.0-23/runs/segment/duplo_project/train_v1/weights) by extensions ['cmake', 'python']
[0.379s] Level 1:colcon.colcon_core.package_identification:_identify(Duplo-3.0-23/runs/segment/duplo_project/train_v1/weights) by extension 'cmake'
[0.379s] Level 1:colcon.colcon_core.package_identification:_identify(Duplo-3.0-23/runs/segment/duplo_project/train_v1/weights) by extension 'python'
[0.379s] Level 1:colcon.colcon_core.package_identification:_identify(Duplo-3.0-23/runs/segment/duplo_project/train_v1/weights) by extensions ['python_setup_py']
[0.379s] Level 1:colcon.colcon_core.package_identification:_identify(Duplo-3.0-23/runs/segment/duplo_project/train_v1/weights) by extension 'python_setup_py'
[0.380s] Level 1:colcon.colcon_core.package_identification:_identify(Duplo-3.0-23/test) by extensions ['ignore', 'ignore_ament_install']
[0.380s] Level 1:colcon.colcon_core.package_identification:_identify(Duplo-3.0-23/test) by extension 'ignore'
[0.380s] Level 1:colcon.colcon_core.package_identification:_identify(Duplo-3.0-23/test) by extension 'ignore_ament_install'
[0.380s] Level 1:colcon.colcon_core.package_identification:_identify(Duplo-3.0-23/test) by extensions ['colcon_pkg']
[0.380s] Level 1:colcon.colcon_core.package_identification:_identify(Duplo-3.0-23/test) by extension 'colcon_pkg'
[0.380s] Level 1:colcon.colcon_core.package_identification:_identify(Duplo-3.0-23/test) by extensions ['colcon_meta']
[0.380s] Level 1:colcon.colcon_core.package_identification:_identify(Duplo-3.0-23/test) by extension 'colcon_meta'
[0.380s] Level 1:colcon.colcon_core.package_identification:_identify(Duplo-3.0-23/test) by extensions ['ros']
[0.380s] Level 1:colcon.colcon_core.package_identification:_identify(Duplo-3.0-23/test) by extension 'ros'
[0.380s] Level 1:colcon.colcon_core.package_identification:_identify(Duplo-3.0-23/test) by extensions ['cmake', 'python']
[0.380s] Level 1:colcon.colcon_core.package_identification:_identify(Duplo-3.0-23/test) by extension 'cmake'
[0.380s] Level 1:colcon.colcon_core.package_identification:_identify(Duplo-3.0-23/test) by extension 'python'
[0.380s] Level 1:colcon.colcon_core.package_identification:_identify(Duplo-3.0-23/test) by extensions ['python_setup_py']
[0.380s] Level 1:colcon.colcon_core.package_identification:_identify(Duplo-3.0-23/test) by extension 'python_setup_py'
[0.380s] Level 1:colcon.colcon_core.package_identification:_identify(Duplo-3.0-23/test/images) by extensions ['ignore', 'ignore_ament_install']
[0.380s] Level 1:colcon.colcon_core.package_identification:_identify(Duplo-3.0-23/test/images) by extension 'ignore'
[0.380s] Level 1:colcon.colcon_core.package_identification:_identify(Duplo-3.0-23/test/images) by extension 'ignore_ament_install'
[0.381s] Level 1:colcon.colcon_core.package_identification:_identify(Duplo-3.0-23/test/images) by extensions ['colcon_pkg']
[0.381s] Level 1:colcon.colcon_core.package_identification:_identify(Duplo-3.0-23/test/images) by extension 'colcon_pkg'
[0.381s] Level 1:colcon.colcon_core.package_identification:_identify(Duplo-3.0-23/test/images) by extensions ['colcon_meta']
[0.381s] Level 1:colcon.colcon_core.package_identification:_identify(Duplo-3.0-23/test/images) by extension 'colcon_meta'
[0.381s] Level 1:colcon.colcon_core.package_identification:_identify(Duplo-3.0-23/test/images) by extensions ['ros']
[0.381s] Level 1:colcon.colcon_core.package_identification:_identify(Duplo-3.0-23/test/images) by extension 'ros'
[0.381s] Level 1:colcon.colcon_core.package_identification:_identify(Duplo-3.0-23/test/images) by extensions ['cmake', 'python']
[0.381s] Level 1:colcon.colcon_core.package_identification:_identify(Duplo-3.0-23/test/images) by extension 'cmake'
[0.381s] Level 1:colcon.colcon_core.package_identification:_identify(Duplo-3.0-23/test/images) by extension 'python'
[0.381s] Level 1:colcon.colcon_core.package_identification:_identify(Duplo-3.0-23/test/images) by extensions ['python_setup_py']
[0.381s] Level 1:colcon.colcon_core.package_identification:_identify(Duplo-3.0-23/test/images) by extension 'python_setup_py'
[0.381s] Level 1:colcon.colcon_core.package_identification:_identify(Duplo-3.0-23/test/labels) by extensions ['ignore', 'ignore_ament_install']
[0.381s] Level 1:colcon.colcon_core.package_identification:_identify(Duplo-3.0-23/test/labels) by extension 'ignore'
[0.381s] Level 1:colcon.colcon_core.package_identification:_identify(Duplo-3.0-23/test/labels) by extension 'ignore_ament_install'
[0.381s] Level 1:colcon.colcon_core.package_identification:_identify(Duplo-3.0-23/test/labels) by extensions ['colcon_pkg']
[0.381s] Level 1:colcon.colcon_core.package_identification:_identify(Duplo-3.0-23/test/labels) by extension 'colcon_pkg'
[0.381s] Level 1:colcon.colcon_core.package_identification:_identify(Duplo-3.0-23/test/labels) by extensions ['colcon_meta']
[0.381s] Level 1:colcon.colcon_core.package_identification:_identify(Duplo-3.0-23/test/labels) by extension 'colcon_meta'
[0.381s] Level 1:colcon.colcon_core.package_identification:_identify(Duplo-3.0-23/test/labels) by extensions ['ros']
[0.381s] Level 1:colcon.colcon_core.package_identification:_identify(Duplo-3.0-23/test/labels) by extension 'ros'
[0.382s] Level 1:colcon.colcon_core.package_identification:_identify(Duplo-3.0-23/test/labels) by extensions ['cmake', 'python']
[0.382s] Level 1:colcon.colcon_core.package_identification:_identify(Duplo-3.0-23/test/labels) by extension 'cmake'
[0.382s] Level 1:colcon.colcon_core.package_identification:_identify(Duplo-3.0-23/test/labels) by extension 'python'
[0.382s] Level 1:colcon.colcon_core.package_identification:_identify(Duplo-3.0-23/test/labels) by extensions ['python_setup_py']
[0.382s] Level 1:colcon.colcon_core.package_identification:_identify(Duplo-3.0-23/test/labels) by extension 'python_setup_py'
[0.382s] Level 1:colcon.colcon_core.package_identification:_identify(Duplo-3.0-23/train) by extensions ['ignore', 'ignore_ament_install']
[0.382s] Level 1:colcon.colcon_core.package_identification:_identify(Duplo-3.0-23/train) by extension 'ignore'
[0.382s] Level 1:colcon.colcon_core.package_identification:_identify(Duplo-3.0-23/train) by extension 'ignore_ament_install'
[0.382s] Level 1:colcon.colcon_core.package_identification:_identify(Duplo-3.0-23/train) by extensions ['colcon_pkg']
[0.382s] Level 1:colcon.colcon_core.package_identification:_identify(Duplo-3.0-23/train) by extension 'colcon_pkg'
[0.382s] Level 1:colcon.colcon_core.package_identification:_identify(Duplo-3.0-23/train) by extensions ['colcon_meta']
[0.382s] Level 1:colcon.colcon_core.package_identification:_identify(Duplo-3.0-23/train) by extension 'colcon_meta'
[0.382s] Level 1:colcon.colcon_core.package_identification:_identify(Duplo-3.0-23/train) by extensions ['ros']
[0.382s] Level 1:colcon.colcon_core.package_identification:_identify(Duplo-3.0-23/train) by extension 'ros'
[0.382s] Level 1:colcon.colcon_core.package_identification:_identify(Duplo-3.0-23/train) by extensions ['cmake', 'python']
[0.382s] Level 1:colcon.colcon_core.package_identification:_identify(Duplo-3.0-23/train) by extension 'cmake'
[0.382s] Level 1:colcon.colcon_core.package_identification:_identify(Duplo-3.0-23/train) by extension 'python'
[0.382s] Level 1:colcon.colcon_core.package_identification:_identify(Duplo-3.0-23/train) by extensions ['python_setup_py']
[0.382s] Level 1:colcon.colcon_core.package_identification:_identify(Duplo-3.0-23/train) by extension 'python_setup_py'
[0.383s] Level 1:colcon.colcon_core.package_identification:_identify(Duplo-3.0-23/train/images) by extensions ['ignore', 'ignore_ament_install']
[0.383s] Level 1:colcon.colcon_core.package_identification:_identify(Duplo-3.0-23/train/images) by extension 'ignore'
[0.383s] Level 1:colcon.colcon_core.package_identification:_identify(Duplo-3.0-23/train/images) by extension 'ignore_ament_install'
[0.383s] Level 1:colcon.colcon_core.package_identification:_identify(Duplo-3.0-23/train/images) by extensions ['colcon_pkg']
[0.383s] Level 1:colcon.colcon_core.package_identification:_identify(Duplo-3.0-23/train/images) by extension 'colcon_pkg'
[0.383s] Level 1:colcon.colcon_core.package_identification:_identify(Duplo-3.0-23/train/images) by extensions ['colcon_meta']
[0.383s] Level 1:colcon.colcon_core.package_identification:_identify(Duplo-3.0-23/train/images) by extension 'colcon_meta'
[0.383s] Level 1:colcon.colcon_core.package_identification:_identify(Duplo-3.0-23/train/images) by extensions ['ros']
[0.383s] Level 1:colcon.colcon_core.package_identification:_identify(Duplo-3.0-23/train/images) by extension 'ros'
[0.383s] Level 1:colcon.colcon_core.package_identification:_identify(Duplo-3.0-23/train/images) by extensions ['cmake', 'python']
[0.383s] Level 1:colcon.colcon_core.package_identification:_identify(Duplo-3.0-23/train/images) by extension 'cmake'
[0.383s] Level 1:colcon.colcon_core.package_identification:_identify(Duplo-3.0-23/train/images) by extension 'python'
[0.383s] Level 1:colcon.colcon_core.package_identification:_identify(Duplo-3.0-23/train/images) by extensions ['python_setup_py']
[0.383s] Level 1:colcon.colcon_core.package_identification:_identify(Duplo-3.0-23/train/images) by extension 'python_setup_py'
[0.384s] Level 1:colcon.colcon_core.package_identification:_identify(Duplo-3.0-23/train/labels) by extensions ['ignore', 'ignore_ament_install']
[0.384s] Level 1:colcon.colcon_core.package_identification:_identify(Duplo-3.0-23/train/labels) by extension 'ignore'
[0.384s] Level 1:colcon.colcon_core.package_identification:_identify(Duplo-3.0-23/train/labels) by extension 'ignore_ament_install'
[0.384s] Level 1:colcon.colcon_core.package_identification:_identify(Duplo-3.0-23/train/labels) by extensions ['colcon_pkg']
[0.384s] Level 1:colcon.colcon_core.package_identification:_identify(Duplo-3.0-23/train/labels) by extension 'colcon_pkg'
[0.384s] Level 1:colcon.colcon_core.package_identification:_identify(Duplo-3.0-23/train/labels) by extensions ['colcon_meta']
[0.384s] Level 1:colcon.colcon_core.package_identification:_identify(Duplo-3.0-23/train/labels) by extension 'colcon_meta'
[0.384s] Level 1:colcon.colcon_core.package_identification:_identify(Duplo-3.0-23/train/labels) by extensions ['ros']
[0.384s] Level 1:colcon.colcon_core.package_identification:_identify(Duplo-3.0-23/train/labels) by extension 'ros'
[0.384s] Level 1:colcon.colcon_core.package_identification:_identify(Duplo-3.0-23/train/labels) by extensions ['cmake', 'python']
[0.384s] Level 1:colcon.colcon_core.package_identification:_identify(Duplo-3.0-23/train/labels) by extension 'cmake'
[0.384s] Level 1:colcon.colcon_core.package_identification:_identify(Duplo-3.0-23/train/labels) by extension 'python'
[0.384s] Level 1:colcon.colcon_core.package_identification:_identify(Duplo-3.0-23/train/labels) by extensions ['python_setup_py']
[0.384s] Level 1:colcon.colcon_core.package_identification:_identify(Duplo-3.0-23/train/labels) by extension 'python_setup_py'
[0.384s] Level 1:colcon.colcon_core.package_identification:_identify(Duplo-3.0-23/valid) by extensions ['ignore', 'ignore_ament_install']
[0.384s] Level 1:colcon.colcon_core.package_identification:_identify(Duplo-3.0-23/valid) by extension 'ignore'
[0.384s] Level 1:colcon.colcon_core.package_identification:_identify(Duplo-3.0-23/valid) by extension 'ignore_ament_install'
[0.385s] Level 1:colcon.colcon_core.package_identification:_identify(Duplo-3.0-23/valid) by extensions ['colcon_pkg']
[0.385s] Level 1:colcon.colcon_core.package_identification:_identify(Duplo-3.0-23/valid) by extension 'colcon_pkg'
[0.385s] Level 1:colcon.colcon_core.package_identification:_identify(Duplo-3.0-23/valid) by extensions ['colcon_meta']
[0.385s] Level 1:colcon.colcon_core.package_identification:_identify(Duplo-3.0-23/valid) by extension 'colcon_meta'
[0.385s] Level 1:colcon.colcon_core.package_identification:_identify(Duplo-3.0-23/valid) by extensions ['ros']
[0.385s] Level 1:colcon.colcon_core.package_identification:_identify(Duplo-3.0-23/valid) by extension 'ros'
[0.385s] Level 1:colcon.colcon_core.package_identification:_identify(Duplo-3.0-23/valid) by extensions ['cmake', 'python']
[0.385s] Level 1:colcon.colcon_core.package_identification:_identify(Duplo-3.0-23/valid) by extension 'cmake'
[0.385s] Level 1:colcon.colcon_core.package_identification:_identify(Duplo-3.0-23/valid) by extension 'python'
[0.385s] Level 1:colcon.colcon_core.package_identification:_identify(Duplo-3.0-23/valid) by extensions ['python_setup_py']
[0.385s] Level 1:colcon.colcon_core.package_identification:_identify(Duplo-3.0-23/valid) by extension 'python_setup_py'
[0.385s] Level 1:colcon.colcon_core.package_identification:_identify(Duplo-3.0-23/valid/images) by extensions ['ignore', 'ignore_ament_install']
[0.385s] Level 1:colcon.colcon_core.package_identification:_identify(Duplo-3.0-23/valid/images) by extension 'ignore'
[0.385s] Level 1:colcon.colcon_core.package_identification:_identify(Duplo-3.0-23/valid/images) by extension 'ignore_ament_install'
[0.385s] Level 1:colcon.colcon_core.package_identification:_identify(Duplo-3.0-23/valid/images) by extensions ['colcon_pkg']
[0.385s] Level 1:colcon.colcon_core.package_identification:_identify(Duplo-3.0-23/valid/images) by extension 'colcon_pkg'
[0.385s] Level 1:colcon.colcon_core.package_identification:_identify(Duplo-3.0-23/valid/images) by extensions ['colcon_meta']
[0.385s] Level 1:colcon.colcon_core.package_identification:_identify(Duplo-3.0-23/valid/images) by extension 'colcon_meta'
[0.385s] Level 1:colcon.colcon_core.package_identification:_identify(Duplo-3.0-23/valid/images) by extensions ['ros']
[0.385s] Level 1:colcon.colcon_core.package_identification:_identify(Duplo-3.0-23/valid/images) by extension 'ros'
[0.386s] Level 1:colcon.colcon_core.package_identification:_identify(Duplo-3.0-23/valid/images) by extensions ['cmake', 'python']
[0.386s] Level 1:colcon.colcon_core.package_identification:_identify(Duplo-3.0-23/valid/images) by extension 'cmake'
[0.386s] Level 1:colcon.colcon_core.package_identification:_identify(Duplo-3.0-23/valid/images) by extension 'python'
[0.386s] Level 1:colcon.colcon_core.package_identification:_identify(Duplo-3.0-23/valid/images) by extensions ['python_setup_py']
[0.386s] Level 1:colcon.colcon_core.package_identification:_identify(Duplo-3.0-23/valid/images) by extension 'python_setup_py'
[0.386s] Level 1:colcon.colcon_core.package_identification:_identify(Duplo-3.0-23/valid/labels) by extensions ['ignore', 'ignore_ament_install']
[0.386s] Level 1:colcon.colcon_core.package_identification:_identify(Duplo-3.0-23/valid/labels) by extension 'ignore'
[0.386s] Level 1:colcon.colcon_core.package_identification:_identify(Duplo-3.0-23/valid/labels) by extension 'ignore_ament_install'
[0.386s] Level 1:colcon.colcon_core.package_identification:_identify(Duplo-3.0-23/valid/labels) by extensions ['colcon_pkg']
[0.386s] Level 1:colcon.colcon_core.package_identification:_identify(Duplo-3.0-23/valid/labels) by extension 'colcon_pkg'
[0.386s] Level 1:colcon.colcon_core.package_identification:_identify(Duplo-3.0-23/valid/labels) by extensions ['colcon_meta']
[0.386s] Level 1:colcon.colcon_core.package_identification:_identify(Duplo-3.0-23/valid/labels) by extension 'colcon_meta'
[0.386s] Level 1:colcon.colcon_core.package_identification:_identify(Duplo-3.0-23/valid/labels) by extensions ['ros']
[0.386s] Level 1:colcon.colcon_core.package_identification:_identify(Duplo-3.0-23/valid/labels) by extension 'ros'
[0.386s] Level 1:colcon.colcon_core.package_identification:_identify(Duplo-3.0-23/valid/labels) by extensions ['cmake', 'python']
[0.386s] Level 1:colcon.colcon_core.package_identification:_identify(Duplo-3.0-23/valid/labels) by extension 'cmake'
[0.386s] Level 1:colcon.colcon_core.package_identification:_identify(Duplo-3.0-23/valid/labels) by extension 'python'
[0.386s] Level 1:colcon.colcon_core.package_identification:_identify(Duplo-3.0-23/valid/labels) by extensions ['python_setup_py']
[0.386s] Level 1:colcon.colcon_core.package_identification:_identify(Duplo-3.0-23/valid/labels) by extension 'python_setup_py'
[0.387s] Level 1:colcon.colcon_core.package_identification:_identify(build) by extensions ['ignore', 'ignore_ament_install']
[0.387s] Level 1:colcon.colcon_core.package_identification:_identify(build) by extension 'ignore'
[0.387s] Level 1:colcon.colcon_core.package_identification:_identify(build) ignored
[0.387s] Level 1:colcon.colcon_core.package_identification:_identify(install) by extensions ['ignore', 'ignore_ament_install']
[0.387s] Level 1:colcon.colcon_core.package_identification:_identify(install) by extension 'ignore'
[0.387s] Level 1:colcon.colcon_core.package_identification:_identify(install) ignored
[0.387s] Level 1:colcon.colcon_core.package_identification:_identify(log) by extensions ['ignore', 'ignore_ament_install']
[0.387s] Level 1:colcon.colcon_core.package_identification:_identify(log) by extension 'ignore'
[0.387s] Level 1:colcon.colcon_core.package_identification:_identify(log) ignored
[0.387s] Level 1:colcon.colcon_core.package_identification:_identify(robot_ws) by extensions ['ignore', 'ignore_ament_install']
[0.387s] Level 1:colcon.colcon_core.package_identification:_identify(robot_ws) by extension 'ignore'
[0.387s] Level 1:colcon.colcon_core.package_identification:_identify(robot_ws) by extension 'ignore_ament_install'
[0.387s] Level 1:colcon.colcon_core.package_identification:_identify(robot_ws) by extensions ['colcon_pkg']
[0.387s] Level 1:colcon.colcon_core.package_identification:_identify(robot_ws) by extension 'colcon_pkg'
[0.387s] Level 1:colcon.colcon_core.package_identification:_identify(robot_ws) by extensions ['colcon_meta']
[0.388s] Level 1:colcon.colcon_core.package_identification:_identify(robot_ws) by extension 'colcon_meta'
[0.388s] Level 1:colcon.colcon_core.package_identification:_identify(robot_ws) by extensions ['ros']
[0.388s] Level 1:colcon.colcon_core.package_identification:_identify(robot_ws) by extension 'ros'
[0.388s] Level 1:colcon.colcon_core.package_identification:_identify(robot_ws) by extensions ['cmake', 'python']
[0.388s] Level 1:colcon.colcon_core.package_identification:_identify(robot_ws) by extension 'cmake'
[0.388s] Level 1:colcon.colcon_core.package_identification:_identify(robot_ws) by extension 'python'
[0.388s] Level 1:colcon.colcon_core.package_identification:_identify(robot_ws) by extensions ['python_setup_py']
[0.388s] Level 1:colcon.colcon_core.package_identification:_identify(robot_ws) by extension 'python_setup_py'
[0.388s] Level 1:colcon.colcon_core.package_identification:_identify(robot_ws/src) by extensions ['ignore', 'ignore_ament_install']
[0.388s] Level 1:colcon.colcon_core.package_identification:_identify(robot_ws/src) by extension 'ignore'
[0.388s] Level 1:colcon.colcon_core.package_identification:_identify(robot_ws/src) by extension 'ignore_ament_install'
[0.388s] Level 1:colcon.colcon_core.package_identification:_identify(robot_ws/src) by extensions ['colcon_pkg']
[0.388s] Level 1:colcon.colcon_core.package_identification:_identify(robot_ws/src) by extension 'colcon_pkg'
[0.388s] Level 1:colcon.colcon_core.package_identification:_identify(robot_ws/src) by extensions ['colcon_meta']
[0.388s] Level 1:colcon.colcon_core.package_identification:_identify(robot_ws/src) by extension 'colcon_meta'
[0.388s] Level 1:colcon.colcon_core.package_identification:_identify(robot_ws/src) by extensions ['ros']
[0.388s] Level 1:colcon.colcon_core.package_identification:_identify(robot_ws/src) by extension 'ros'
[0.389s] Level 1:colcon.colcon_core.package_identification:_identify(robot_ws/src) by extensions ['cmake', 'python']
[0.389s] Level 1:colcon.colcon_core.package_identification:_identify(robot_ws/src) by extension 'cmake'
[0.389s] Level 1:colcon.colcon_core.package_identification:_identify(robot_ws/src) by extension 'python'
[0.389s] Level 1:colcon.colcon_core.package_identification:_identify(robot_ws/src) by extensions ['python_setup_py']
[0.389s] Level 1:colcon.colcon_core.package_identification:_identify(robot_ws/src) by extension 'python_setup_py'
[0.389s] Level 1:colcon.colcon_core.package_identification:_identify(robot_ws/src/my_perception) by extensions ['ignore', 'ignore_ament_install']
[0.389s] Level 1:colcon.colcon_core.package_identification:_identify(robot_ws/src/my_perception) by extension 'ignore'
[0.389s] Level 1:colcon.colcon_core.package_identification:_identify(robot_ws/src/my_perception) by extension 'ignore_ament_install'
[0.389s] Level 1:colcon.colcon_core.package_identification:_identify(robot_ws/src/my_perception) by extensions ['colcon_pkg']
[0.389s] Level 1:colcon.colcon_core.package_identification:_identify(robot_ws/src/my_perception) by extension 'colcon_pkg'
[0.389s] Level 1:colcon.colcon_core.package_identification:_identify(robot_ws/src/my_perception) by extensions ['colcon_meta']
[0.389s] Level 1:colcon.colcon_core.package_identification:_identify(robot_ws/src/my_perception) by extension 'colcon_meta'
[0.389s] Level 1:colcon.colcon_core.package_identification:_identify(robot_ws/src/my_perception) by extensions ['ros']
[0.389s] Level 1:colcon.colcon_core.package_identification:_identify(robot_ws/src/my_perception) by extension 'ros'
[0.393s] DEBUG:colcon.colcon_core.package_identification:Package 'robot_ws/src/my_perception' with type 'ros.ament_python' and name 'my_perception'
[0.393s] Level 1:colcon.colcon_core.package_discovery:discover_packages(recursive) using defaults
[0.393s] Level 1:colcon.colcon_core.package_discovery:discover_packages(ignore) discover
[0.393s] Level 1:colcon.colcon_core.package_discovery:discover_packages(ignore) using defaults
[0.393s] Level 1:colcon.colcon_core.package_discovery:discover_packages(path) discover
[0.393s] Level 1:colcon.colcon_core.package_discovery:discover_packages(path) using defaults
[0.419s] Level 1:colcon.colcon_core.package_discovery:discover_packages(prefix_path) check parameters
[0.419s] Level 1:colcon.colcon_core.package_discovery:discover_packages(prefix_path) discover
[0.424s] DEBUG:colcon.colcon_installed_package_information.package_discovery:Found 1 installed packages in /home/han/install
[0.424s] Level 1:colcon.colcon_core.package_discovery:discover_packages(prefix_path) using defaults
[0.426s] Level 5:colcon.colcon_core.verb:set package 'my_perception' build argument 'cmake_args' from command line to 'None'
[0.426s] Level 5:colcon.colcon_core.verb:set package 'my_perception' build argument 'cmake_target' from command line to 'None'
[0.426s] Level 5:colcon.colcon_core.verb:set package 'my_perception' build argument 'cmake_target_skip_unavailable' from command line to 'False'
[0.426s] Level 5:colcon.colcon_core.verb:set package 'my_perception' build argument 'cmake_clean_cache' from command line to 'False'
[0.426s] Level 5:colcon.colcon_core.verb:set package 'my_perception' build argument 'cmake_clean_first' from command line to 'False'
[0.427s] Level 5:colcon.colcon_core.verb:set package 'my_perception' build argument 'cmake_force_configure' from command line to 'False'
[0.427s] Level 5:colcon.colcon_core.verb:set package 'my_perception' build argument 'ament_cmake_args' from command line to 'None'
[0.427s] Level 5:colcon.colcon_core.verb:set package 'my_perception' build argument 'catkin_cmake_args' from command line to 'None'
[0.427s] Level 5:colcon.colcon_core.verb:set package 'my_perception' build argument 'catkin_skip_building_tests' from command line to 'False'
[0.427s] DEBUG:colcon.colcon_core.verb:Building package 'my_perception' with the following arguments: {'ament_cmake_args': None, 'build_base': '/home/han/My_Duplo/build/my_perception', 'catkin_cmake_args': None, 'catkin_skip_building_tests': False, 'cmake_args': None, 'cmake_clean_cache': False, 'cmake_clean_first': False, 'cmake_force_configure': False, 'cmake_target': None, 'cmake_target_skip_unavailable': False, 'install_base': '/home/han/My_Duplo/install/my_perception', 'merge_install': False, 'path': '/home/han/My_Duplo/robot_ws/src/my_perception', 'symlink_install': True, 'test_result_base': None}
[0.427s] INFO:colcon.colcon_core.executor:Executing jobs using 'parallel' executor
[0.428s] DEBUG:colcon.colcon_parallel_executor.executor.parallel:run_until_complete
[0.428s] INFO:colcon.colcon_ros.task.ament_python.build:Building ROS package in '/home/han/My_Duplo/robot_ws/src/my_perception' with build type 'ament_python'
[0.429s] Level 1:colcon.colcon_core.shell:create_environment_hook('my_perception', 'ament_prefix_path')
[0.434s] INFO:colcon.colcon_core.plugin_system:Skipping extension 'colcon_core.shell.bat': Not used on non-Windows systems
[0.434s] INFO:colcon.colcon_core.shell:Creating environment hook '/home/han/My_Duplo/install/my_perception/share/my_perception/hook/ament_prefix_path.ps1'
[0.435s] INFO:colcon.colcon_core.shell:Creating environment descriptor '/home/han/My_Duplo/install/my_perception/share/my_perception/hook/ament_prefix_path.dsv'
[0.436s] INFO:colcon.colcon_core.shell:Creating environment hook '/home/han/My_Duplo/install/my_perception/share/my_perception/hook/ament_prefix_path.sh'
[0.437s] INFO:colcon.colcon_core.shell:Skip shell extension 'powershell' for command environment: Not usable outside of PowerShell
[0.437s] DEBUG:colcon.colcon_core.shell:Skip shell extension 'dsv' for command environment
[0.685s] INFO:colcon.colcon_core.task.python.build:Building Python package in '/home/han/My_Duplo/robot_ws/src/my_perception'
[0.685s] INFO:colcon.colcon_core.shell:Skip shell extension 'powershell' for command environment: Not usable outside of PowerShell
[0.685s] DEBUG:colcon.colcon_core.shell:Skip shell extension 'dsv' for command environment
[1.242s] DEBUG:colcon.colcon_core.event_handler.log_command:Invoking command in '/home/han/My_Duplo/build/my_perception': PYTHONPATH=/home/han/My_Duplo/build/my_perception/prefix_override:/usr/lib/python3/dist-packages/colcon_core/task/python/colcon_distutils_commands:/home/han/My_Duplo/install/my_perception/lib/python3.10/site-packages:${PYTHONPATH} /usr/bin/python3 -W ignore:setup.py install is deprecated -W ignore:easy_install command is deprecated setup.py develop --editable --build-directory /home/han/My_Duplo/build/my_perception/build --no-deps symlink_data
[1.620s] Level 1:colcon.colcon_core.shell:create_environment_hook('my_perception', 'pythonpath_develop')
[1.621s] INFO:colcon.colcon_core.shell:Creating environment hook '/home/han/My_Duplo/build/my_perception/share/my_perception/hook/pythonpath_develop.ps1'
[1.621s] DEBUG:colcon.colcon_core.event_handler.log_command:Invoked command in '/home/han/My_Duplo/build/my_perception' returned '0': PYTHONPATH=/home/han/My_Duplo/build/my_perception/prefix_override:/usr/lib/python3/dist-packages/colcon_core/task/python/colcon_distutils_commands:/home/han/My_Duplo/install/my_perception/lib/python3.10/site-packages:${PYTHONPATH} /usr/bin/python3 -W ignore:setup.py install is deprecated -W ignore:easy_install command is deprecated setup.py develop --editable --build-directory /home/han/My_Duplo/build/my_perception/build --no-deps symlink_data
[1.622s] INFO:colcon.colcon_core.shell:Creating environment descriptor '/home/han/My_Duplo/build/my_perception/share/my_perception/hook/pythonpath_develop.dsv'
[1.622s] INFO:colcon.colcon_core.shell:Creating environment hook '/home/han/My_Duplo/build/my_perception/share/my_perception/hook/pythonpath_develop.sh'
[1.629s] Level 1:colcon.colcon_core.environment:checking '/home/han/My_Duplo/install/my_perception' for CMake module files
[1.629s] Level 1:colcon.colcon_core.environment:checking '/home/han/My_Duplo/install/my_perception' for CMake config files
[1.630s] Level 1:colcon.colcon_core.environment:checking '/home/han/My_Duplo/install/my_perception/lib'
[1.630s] Level 1:colcon.colcon_core.environment:checking '/home/han/My_Duplo/install/my_perception/bin'
[1.630s] Level 1:colcon.colcon_core.environment:checking '/home/han/My_Duplo/install/my_perception/lib/pkgconfig/my_perception.pc'
[1.631s] Level 1:colcon.colcon_core.environment:checking '/home/han/My_Duplo/install/my_perception/lib/python3.10/site-packages'
[1.631s] Level 1:colcon.colcon_core.shell:create_environment_hook('my_perception', 'pythonpath')
[1.631s] INFO:colcon.colcon_core.shell:Creating environment hook '/home/han/My_Duplo/install/my_perception/share/my_perception/hook/pythonpath.ps1'
[1.631s] INFO:colcon.colcon_core.shell:Creating environment descriptor '/home/han/My_Duplo/install/my_perception/share/my_perception/hook/pythonpath.dsv'
[1.632s] INFO:colcon.colcon_core.shell:Creating environment hook '/home/han/My_Duplo/install/my_perception/share/my_perception/hook/pythonpath.sh'
[1.632s] Level 1:colcon.colcon_core.environment:checking '/home/han/My_Duplo/install/my_perception/bin'
[1.632s] Level 1:colcon.colcon_core.environment:create_environment_scripts_only(my_perception)
[1.633s] INFO:colcon.colcon_core.shell:Creating package script '/home/han/My_Duplo/install/my_perception/share/my_perception/package.ps1'
[1.634s] INFO:colcon.colcon_core.shell:Creating package descriptor '/home/han/My_Duplo/install/my_perception/share/my_perception/package.dsv'
[1.635s] INFO:colcon.colcon_core.shell:Creating package script '/home/han/My_Duplo/install/my_perception/share/my_perception/package.sh'
[1.636s] INFO:colcon.colcon_core.shell:Creating package script '/home/han/My_Duplo/install/my_perception/share/my_perception/package.bash'
[1.637s] INFO:colcon.colcon_core.shell:Creating package script '/home/han/My_Duplo/install/my_perception/share/my_perception/package.zsh'
[1.638s] Level 1:colcon.colcon_core.environment:create_file_with_runtime_dependencies(/home/han/My_Duplo/install/my_perception/share/colcon-core/packages/my_perception)
[1.638s] DEBUG:colcon.colcon_parallel_executor.executor.parallel:closing loop
[1.639s] DEBUG:colcon.colcon_parallel_executor.executor.parallel:loop closed
[1.639s] DEBUG:colcon.colcon_parallel_executor.executor.parallel:run_until_complete finished with '0'
[1.639s] DEBUG:colcon.colcon_core.event_reactor:joining thread
[1.646s] INFO:colcon.colcon_core.plugin_system:Skipping extension 'colcon_notification.desktop_notification.terminal_notifier': Not used on non-Darwin systems
[1.646s] INFO:colcon.colcon_core.plugin_system:Skipping extension 'colcon_notification.desktop_notification.win32': Not used on non-Windows systems
[1.647s] INFO:colcon.colcon_notification.desktop_notification:Sending desktop notification using 'notify2'
[1.659s] DEBUG:colcon.colcon_core.event_reactor:joined thread
[1.660s] INFO:colcon.colcon_core.shell:Creating prefix script '/home/han/My_Duplo/install/local_setup.ps1'
[1.661s] INFO:colcon.colcon_core.shell:Creating prefix util module '/home/han/My_Duplo/install/_local_setup_util_ps1.py'
[1.665s] INFO:colcon.colcon_core.shell:Creating prefix chain script '/home/han/My_Duplo/install/setup.ps1'
[1.668s] INFO:colcon.colcon_core.shell:Creating prefix script '/home/han/My_Duplo/install/local_setup.sh'
[1.669s] INFO:colcon.colcon_core.shell:Creating prefix util module '/home/han/My_Duplo/install/_local_setup_util_sh.py'
[1.670s] INFO:colcon.colcon_core.shell:Creating prefix chain script '/home/han/My_Duplo/install/setup.sh'
[1.671s] INFO:colcon.colcon_core.shell:Creating prefix script '/home/han/My_Duplo/install/local_setup.bash'
[1.672s] INFO:colcon.colcon_core.shell:Creating prefix chain script '/home/han/My_Duplo/install/setup.bash'
[1.673s] INFO:colcon.colcon_core.shell:Creating prefix script '/home/han/My_Duplo/install/local_setup.zsh'
[1.693s] INFO:colcon.colcon_core.shell:Creating prefix chain script '/home/han/My_Duplo/install/setup.zsh'
