running egg_info
creating ../../build/my_perception/my_perception.egg-info
writing ../../build/my_perception/my_perception.egg-info/PKG-INFO
writing dependency_links to ../../build/my_perception/my_perception.egg-info/dependency_links.txt
writing entry points to ../../build/my_perception/my_perception.egg-info/entry_points.txt
writing requirements to ../../build/my_perception/my_perception.egg-info/requires.txt
writing top-level names to ../../build/my_perception/my_perception.egg-info/top_level.txt
writing manifest file '../../build/my_perception/my_perception.egg-info/SOURCES.txt'
reading manifest file '../../build/my_perception/my_perception.egg-info/SOURCES.txt'
writing manifest file '../../build/my_perception/my_perception.egg-info/SOURCES.txt'
running build
running build_py
creating /home/han/My_Duplo/robot_ws/build/my_perception/build
creating /home/han/My_Duplo/robot_ws/build/my_perception/build/lib
creating /home/han/My_Duplo/robot_ws/build/my_perception/build/lib/my_perception
copying my_perception/__init__.py -> /home/han/My_Duplo/robot_ws/build/my_perception/build/lib/my_perception
copying my_perception/duplo_perception_node.py -> /home/han/My_Duplo/robot_ws/build/my_perception/build/lib/my_perception
running install
running install_lib
creating /home/han/My_Duplo/robot_ws/install/my_perception/lib/python3.10/site-packages/my_perception
copying /home/han/My_Duplo/robot_ws/build/my_perception/build/lib/my_perception/__init__.py -> /home/han/My_Duplo/robot_ws/install/my_perception/lib/python3.10/site-packages/my_perception
copying /home/han/My_Duplo/robot_ws/build/my_perception/build/lib/my_perception/duplo_perception_node.py -> /home/han/My_Duplo/robot_ws/install/my_perception/lib/python3.10/site-packages/my_perception
byte-compiling /home/han/My_Duplo/robot_ws/install/my_perception/lib/python3.10/site-packages/my_perception/__init__.py to __init__.cpython-310.pyc
byte-compiling /home/han/My_Duplo/robot_ws/install/my_perception/lib/python3.10/site-packages/my_perception/duplo_perception_node.py to duplo_perception_node.cpython-310.pyc
running install_data
creating /home/han/My_Duplo/robot_ws/install/my_perception/share/ament_index
creating /home/han/My_Duplo/robot_ws/install/my_perception/share/ament_index/resource_index
creating /home/han/My_Duplo/robot_ws/install/my_perception/share/ament_index/resource_index/packages
copying resource/my_perception -> /home/han/My_Duplo/robot_ws/install/my_perception/share/ament_index/resource_index/packages
copying package.xml -> /home/han/My_Duplo/robot_ws/install/my_perception/share/my_perception
creating /home/han/My_Duplo/robot_ws/install/my_perception/share/my_perception/launch
copying launch/duplo_launch.py -> /home/han/My_Duplo/robot_ws/install/my_perception/share/my_perception/launch
running install_egg_info
Copying ../../build/my_perception/my_perception.egg-info to /home/han/My_Duplo/robot_ws/install/my_perception/lib/python3.10/site-packages/my_perception-0.0.0-py3.10.egg-info
running install_scripts
Installing duplo_perception_node script to /home/han/My_Duplo/robot_ws/install/my_perception/lib/my_perception
writing list of installed files to '/home/han/My_Duplo/robot_ws/build/my_perception/install.log'
