[0.691s] Invoking command in '/home/han/My_Duplo/robot_ws/src/my_perception': PYTHONPATH=/home/han/My_Duplo/robot_ws/build/my_perception/prefix_override:/usr/lib/python3/dist-packages/colcon_core/task/python/colcon_distutils_commands:/home/han/My_Duplo/robot_ws/install/my_perception/lib/python3.10/site-packages:${PYTHONPATH} /usr/bin/python3 -W ignore:setup.py install is deprecated -W ignore:easy_install command is deprecated setup.py egg_info --egg-base ../../build/my_perception build --build-base /home/han/My_Duplo/robot_ws/build/my_perception/build install --record /home/han/My_Duplo/robot_ws/build/my_perception/install.log --single-version-externally-managed install_data
[1.015s] running egg_info
[1.016s] creating ../../build/my_perception/my_perception.egg-info
[1.016s] writing ../../build/my_perception/my_perception.egg-info/PKG-INFO
[1.016s] writing dependency_links to ../../build/my_perception/my_perception.egg-info/dependency_links.txt
[1.017s] writing entry points to ../../build/my_perception/my_perception.egg-info/entry_points.txt
[1.017s] writing requirements to ../../build/my_perception/my_perception.egg-info/requires.txt
[1.017s] writing top-level names to ../../build/my_perception/my_perception.egg-info/top_level.txt
[1.017s] writing manifest file '../../build/my_perception/my_perception.egg-info/SOURCES.txt'
[1.020s] reading manifest file '../../build/my_perception/my_perception.egg-info/SOURCES.txt'
[1.021s] writing manifest file '../../build/my_perception/my_perception.egg-info/SOURCES.txt'
[1.021s] running build
[1.022s] running build_py
[1.022s] creating /home/han/My_Duplo/robot_ws/build/my_perception/build
[1.022s] creating /home/han/My_Duplo/robot_ws/build/my_perception/build/lib
[1.022s] creating /home/han/My_Duplo/robot_ws/build/my_perception/build/lib/my_perception
[1.022s] copying my_perception/__init__.py -> /home/han/My_Duplo/robot_ws/build/my_perception/build/lib/my_perception
[1.022s] copying my_perception/duplo_perception_node.py -> /home/han/My_Duplo/robot_ws/build/my_perception/build/lib/my_perception
[1.022s] running install
[1.023s] running install_lib
[1.024s] creating /home/han/My_Duplo/robot_ws/install/my_perception/lib/python3.10/site-packages/my_perception
[1.024s] copying /home/han/My_Duplo/robot_ws/build/my_perception/build/lib/my_perception/__init__.py -> /home/han/My_Duplo/robot_ws/install/my_perception/lib/python3.10/site-packages/my_perception
[1.024s] copying /home/han/My_Duplo/robot_ws/build/my_perception/build/lib/my_perception/duplo_perception_node.py -> /home/han/My_Duplo/robot_ws/install/my_perception/lib/python3.10/site-packages/my_perception
[1.025s] byte-compiling /home/han/My_Duplo/robot_ws/install/my_perception/lib/python3.10/site-packages/my_perception/__init__.py to __init__.cpython-310.pyc
[1.025s] byte-compiling /home/han/My_Duplo/robot_ws/install/my_perception/lib/python3.10/site-packages/my_perception/duplo_perception_node.py to duplo_perception_node.cpython-310.pyc
[1.027s] running install_data
[1.027s] creating /home/han/My_Duplo/robot_ws/install/my_perception/share/ament_index
[1.027s] creating /home/han/My_Duplo/robot_ws/install/my_perception/share/ament_index/resource_index
[1.027s] creating /home/han/My_Duplo/robot_ws/install/my_perception/share/ament_index/resource_index/packages
[1.028s] copying resource/my_perception -> /home/han/My_Duplo/robot_ws/install/my_perception/share/ament_index/resource_index/packages
[1.028s] copying package.xml -> /home/han/My_Duplo/robot_ws/install/my_perception/share/my_perception
[1.028s] creating /home/han/My_Duplo/robot_ws/install/my_perception/share/my_perception/launch
[1.028s] copying launch/duplo_launch.py -> /home/han/My_Duplo/robot_ws/install/my_perception/share/my_perception/launch
[1.028s] running install_egg_info
[1.031s] Copying ../../build/my_perception/my_perception.egg-info to /home/han/My_Duplo/robot_ws/install/my_perception/lib/python3.10/site-packages/my_perception-0.0.0-py3.10.egg-info
[1.032s] running install_scripts
[1.058s] Installing duplo_perception_node script to /home/han/My_Duplo/robot_ws/install/my_perception/lib/my_perception
[1.059s] writing list of installed files to '/home/han/My_Duplo/robot_ws/build/my_perception/install.log'
[1.092s] Invoked command in '/home/han/My_Duplo/robot_ws/src/my_perception' returned '0': PYTHONPATH=/home/han/My_Duplo/robot_ws/build/my_perception/prefix_override:/usr/lib/python3/dist-packages/colcon_core/task/python/colcon_distutils_commands:/home/han/My_Duplo/robot_ws/install/my_perception/lib/python3.10/site-packages:${PYTHONPATH} /usr/bin/python3 -W ignore:setup.py install is deprecated -W ignore:easy_install command is deprecated setup.py egg_info --egg-base ../../build/my_perception build --build-base /home/han/My_Duplo/robot_ws/build/my_perception/build install --record /home/han/My_Duplo/robot_ws/build/my_perception/install.log --single-version-externally-managed install_data
