[0.617s] Invoking command in '/home/han/My_Duplo/robot_ws/build/my_perception': PYTHONPATH=/home/han/My_Duplo/robot_ws/build/my_perception/prefix_override:/usr/lib/python3/dist-packages/colcon_core/task/python/colcon_distutils_commands:/home/han/My_Duplo/robot_ws/install/my_perception/lib/python3.10/site-packages: /usr/bin/python3 -W ignore:setup.py install is deprecated -W ignore:easy_install command is deprecated setup.py develop --uninstall --editable --build-directory /home/han/My_Duplo/robot_ws/build/my_perception/build
[0.860s] running develop
[0.977s] Removing /home/han/My_Duplo/robot_ws/install/my_perception/lib/python3.10/site-packages/my-perception.egg-link (link to .)
[1.001s] Invoked command in '/home/han/My_Duplo/robot_ws/build/my_perception' returned '0': PYTHONPATH=/home/han/My_Duplo/robot_ws/build/my_perception/prefix_override:/usr/lib/python3/dist-packages/colcon_core/task/python/colcon_distutils_commands:/home/han/My_Duplo/robot_ws/install/my_perception/lib/python3.10/site-packages: /usr/bin/python3 -W ignore:setup.py install is deprecated -W ignore:easy_install command is deprecated setup.py develop --uninstall --editable --build-directory /home/han/My_Duplo/robot_ws/build/my_perception/build
[1.003s] Invoking command in '/home/han/My_Duplo/robot_ws/src/my_perception': PYTHONPATH=/home/han/My_Duplo/robot_ws/build/my_perception/prefix_override:/usr/lib/python3/dist-packages/colcon_core/task/python/colcon_distutils_commands:/home/han/My_Duplo/robot_ws/install/my_perception/lib/python3.10/site-packages: /usr/bin/python3 -W ignore:setup.py install is deprecated -W ignore:easy_install command is deprecated setup.py egg_info --egg-base ../../build/my_perception build --build-base /home/han/My_Duplo/robot_ws/build/my_perception/build install --record /home/han/My_Duplo/robot_ws/build/my_perception/install.log --single-version-externally-managed install_data --force
[1.210s] running egg_info
[1.211s] writing ../../build/my_perception/my_perception.egg-info/PKG-INFO
[1.211s] writing dependency_links to ../../build/my_perception/my_perception.egg-info/dependency_links.txt
[1.211s] writing entry points to ../../build/my_perception/my_perception.egg-info/entry_points.txt
[1.212s] writing requirements to ../../build/my_perception/my_perception.egg-info/requires.txt
[1.212s] writing top-level names to ../../build/my_perception/my_perception.egg-info/top_level.txt
[1.213s] reading manifest file '../../build/my_perception/my_perception.egg-info/SOURCES.txt'
[1.215s] writing manifest file '../../build/my_perception/my_perception.egg-info/SOURCES.txt'
[1.215s] running build
[1.215s] running build_py
[1.216s] running install
[1.216s] running install_lib
[1.217s] creating /home/han/My_Duplo/robot_ws/install/my_perception/lib/python3.10/site-packages/my_perception
[1.217s] copying /home/han/My_Duplo/robot_ws/build/my_perception/build/lib/my_perception/__init__.py -> /home/han/My_Duplo/robot_ws/install/my_perception/lib/python3.10/site-packages/my_perception
[1.217s] copying /home/han/My_Duplo/robot_ws/build/my_perception/build/lib/my_perception/duplo_perception_node.py -> /home/han/My_Duplo/robot_ws/install/my_perception/lib/python3.10/site-packages/my_perception
[1.218s] byte-compiling /home/han/My_Duplo/robot_ws/install/my_perception/lib/python3.10/site-packages/my_perception/__init__.py to __init__.cpython-310.pyc
[1.218s] byte-compiling /home/han/My_Duplo/robot_ws/install/my_perception/lib/python3.10/site-packages/my_perception/duplo_perception_node.py to duplo_perception_node.cpython-310.pyc
[1.219s] running install_data
[1.219s] copying resource/my_perception -> /home/han/My_Duplo/robot_ws/install/my_perception/share/ament_index/resource_index/packages
[1.220s] copying package.xml -> /home/han/My_Duplo/robot_ws/install/my_perception/share/my_perception
[1.220s] copying launch/duplo_launch.py -> /home/han/My_Duplo/robot_ws/install/my_perception/share/my_perception/launch
[1.220s] running install_egg_info
[1.222s] Copying ../../build/my_perception/my_perception.egg-info to /home/han/My_Duplo/robot_ws/install/my_perception/lib/python3.10/site-packages/my_perception-0.0.0-py3.10.egg-info
[1.223s] running install_scripts
[1.246s] Installing duplo_perception_node script to /home/han/My_Duplo/robot_ws/install/my_perception/lib/my_perception
[1.246s] writing list of installed files to '/home/han/My_Duplo/robot_ws/build/my_perception/install.log'
[1.271s] Invoked command in '/home/han/My_Duplo/robot_ws/src/my_perception' returned '0': PYTHONPATH=/home/han/My_Duplo/robot_ws/build/my_perception/prefix_override:/usr/lib/python3/dist-packages/colcon_core/task/python/colcon_distutils_commands:/home/han/My_Duplo/robot_ws/install/my_perception/lib/python3.10/site-packages: /usr/bin/python3 -W ignore:setup.py install is deprecated -W ignore:easy_install command is deprecated setup.py egg_info --egg-base ../../build/my_perception build --build-base /home/han/My_Duplo/robot_ws/build/my_perception/build install --record /home/han/My_Duplo/robot_ws/build/my_perception/install.log --single-version-externally-managed install_data --force
