[0.705s] Invoking command in '/home/han/My_Duplo/robot_ws/build/my_perception': PYTHONPATH=/home/han/My_Duplo/robot_ws/build/my_perception/prefix_override:/usr/lib/python3/dist-packages/colcon_core/task/python/colcon_distutils_commands:/home/han/My_Duplo/robot_ws/install/my_perception/lib/python3.10/site-packages:${PYTHONPATH} /usr/bin/python3 -W ignore:setup.py install is deprecated -W ignore:easy_install command is deprecated setup.py develop --editable --build-directory /home/han/My_Duplo/robot_ws/build/my_perception/build --no-deps symlink_data --force
[1.003s] running develop
[1.198s] running egg_info
[1.198s] writing my_perception.egg-info/PKG-INFO
[1.199s] writing dependency_links to my_perception.egg-info/dependency_links.txt
[1.199s] writing entry points to my_perception.egg-info/entry_points.txt
[1.199s] writing requirements to my_perception.egg-info/requires.txt
[1.199s] writing top-level names to my_perception.egg-info/top_level.txt
[1.202s] reading manifest file 'my_perception.egg-info/SOURCES.txt'
[1.203s] writing manifest file 'my_perception.egg-info/SOURCES.txt'
[1.205s] running build_ext
[1.205s] Creating /home/han/My_Duplo/robot_ws/install/my_perception/lib/python3.10/site-packages/my-perception.egg-link (link to .)
[1.206s] Installing duplo_perception_node script to /home/han/My_Duplo/robot_ws/install/my_perception/lib/my_perception
[1.206s] 
[1.206s] Installed /home/han/My_Duplo/robot_ws/build/my_perception
[1.207s] running symlink_data
[1.207s] symbolically linking /home/han/My_Duplo/robot_ws/build/my_perception/resource/my_perception -> /home/han/My_Duplo/robot_ws/install/my_perception/share/ament_index/resource_index/packages
[1.207s] symbolically linking /home/han/My_Duplo/robot_ws/build/my_perception/package.xml -> /home/han/My_Duplo/robot_ws/install/my_perception/share/my_perception
[1.207s] symbolically linking /home/han/My_Duplo/robot_ws/build/my_perception/launch/duplo_launch.py -> /home/han/My_Duplo/robot_ws/install/my_perception/share/my_perception/launch
[1.237s] Invoked command in '/home/han/My_Duplo/robot_ws/build/my_perception' returned '0': PYTHONPATH=/home/han/My_Duplo/robot_ws/build/my_perception/prefix_override:/usr/lib/python3/dist-packages/colcon_core/task/python/colcon_distutils_commands:/home/han/My_Duplo/robot_ws/install/my_perception/lib/python3.10/site-packages:${PYTHONPATH} /usr/bin/python3 -W ignore:setup.py install is deprecated -W ignore:easy_install command is deprecated setup.py develop --editable --build-directory /home/han/My_Duplo/robot_ws/build/my_perception/build --no-deps symlink_data --force
